build/app/intermediates/manifest_merge_blame_file/debug/manifest-merger-blame-debug-report.txt
1<?xml version="1.0" encoding="utf-8"?>
2<manifest xmlns:android="http://schemas.android.com/apk/res/android"
3    package="com.example.con"
4    android:versionCode="1"
5    android:versionName="1.0.0" >
6
7    <uses-sdk
8        android:minSdkVersion="19"
9        android:targetSdkVersion="28" />
10    <!--
11         Flutter needs it to communicate with the running application
12         to allow setting breakpoints, to provide hot reload, etc.
13    -->
14    <uses-permission android:name="android.permission.INTERNET" />
14-->src/debug/AndroidManifest.xml:6:5-66
14-->src/debug/AndroidManifest.xml:6:22-64
15
16    <queries>
16-->[:flutter_inappwebview] AndroidManifest.xml:7:5-11:15
17        <intent>
17-->[:flutter_inappwebview] AndroidManifest.xml:8:9-10:18
18            <action android:name="android.support.customtabs.action.CustomTabsService" />
18-->[:flutter_inappwebview] AndroidManifest.xml:9:13-90
18-->[:flutter_inappwebview] AndroidManifest.xml:9:21-87
19        </intent>
20    </queries>
21
22    <uses-permission android:name="android.permission.ACCESS_NETWORK_STATE" />
22-->[com.google.firebase:firebase-auth:21.0.1] AndroidManifest.xml:24:5-79
22-->[com.google.firebase:firebase-auth:21.0.1] AndroidManifest.xml:24:22-76
23    <uses-permission android:name="android.permission.WAKE_LOCK" />
23-->[com.google.android.gms:play-services-measurement-api:20.0.2] AndroidManifest.xml:24:5-68
23-->[com.google.android.gms:play-services-measurement-api:20.0.2] AndroidManifest.xml:24:22-65
24    <uses-permission android:name="com.google.android.finsky.permission.BIND_GET_INSTALL_REFERRER_SERVICE" /> <!-- Include required permissions for Advertising Id -->
24-->[com.google.android.gms:play-services-measurement:20.0.2] AndroidManifest.xml:26:5-110
24-->[com.google.android.gms:play-services-measurement:20.0.2] AndroidManifest.xml:26:22-107
25    <uses-permission android:name="com.google.android.gms.permission.AD_ID" />
25-->[com.google.android.gms:play-services-ads-identifier:18.0.0] AndroidManifest.xml:23:5-79
25-->[com.google.android.gms:play-services-ads-identifier:18.0.0] AndroidManifest.xml:23:22-76
26
27    <application
28        android:name="android.app.Application"
29        android:appComponentFactory="androidx.core.app.CoreComponentFactory"
29-->[androidx.core:core:1.6.0] AndroidManifest.xml:24:18-86
30        android:debuggable="true"
31        android:icon="@mipmap/ic_launcher"
32        android:label="con"
33        android:supportsRtl="true"
33-->[com.facebook.android:facebook-login:12.1.0] AndroidManifest.xml:28:18-44
34        android:usesCleartextTraffic="true" >
35        <uses-library
36            android:name="org.apache.http.legacy"
37            android:required="false" />
38
39        <activity
40            android:name="com.example.con.MainActivity"
41            android:configChanges="orientation|keyboardHidden|keyboard|screenSize|smallestScreenSize|locale|layoutDirection|fontScale|screenLayout|density|uiMode"
42            android:exported="true"
43            android:hardwareAccelerated="true"
44            android:launchMode="singleTop"
45            android:theme="@style/LaunchTheme"
46            android:windowSoftInputMode="adjustResize" >
47
48            <!--
49                 Specifies an Android theme to apply to this Activity as soon as
50                 the Android process has started. This theme is visible to the user
51                 while the Flutter UI initializes. After that, this theme continues
52                 to determine the Window background behind the Flutter UI.
53            -->
54            <meta-data
55                android:name="io.flutter.embedding.android.NormalTheme"
56                android:resource="@style/NormalTheme" />
57
58            <intent-filter>
59                <action android:name="android.intent.action.MAIN" />
60
61                <category android:name="android.intent.category.LAUNCHER" />
62            </intent-filter>
63        </activity>
64        <!--
65             Don't delete the meta-data below.
66             This is used by the Flutter tool to generate GeneratedPluginRegistrant.java
67        -->
68        <meta-data
69            android:name="flutterEmbedding"
70            android:value="2" />
71
72        <service
72-->[:firebase_database] AndroidManifest.xml:8:9-12:19
73            android:name="com.google.firebase.components.ComponentDiscoveryService"
73-->[:firebase_database] AndroidManifest.xml:8:18-89
74            android:directBootAware="true"
74-->[com.google.firebase:firebase-common:20.0.0] AndroidManifest.xml:35:13-43
75            android:exported="false" >
75-->[com.google.firebase:firebase-auth:21.0.1] AndroidManifest.xml:76:13-37
76            <meta-data
76-->[:firebase_database] AndroidManifest.xml:9:13-11:85
77                android:name="com.google.firebase.components:io.flutter.plugins.firebase.database.FlutterFirebaseAppRegistrar"
77-->[:firebase_database] AndroidManifest.xml:10:17-127
78                android:value="com.google.firebase.components.ComponentRegistrar" />
78-->[:firebase_database] AndroidManifest.xml:11:17-82
79            <meta-data
79-->[:cloud_firestore] AndroidManifest.xml:9:13-11:85
80                android:name="com.google.firebase.components:io.flutter.plugins.firebase.firestore.FlutterFirebaseFirestoreRegistrar"
80-->[:cloud_firestore] AndroidManifest.xml:10:17-134
81                android:value="com.google.firebase.components.ComponentRegistrar" />
81-->[:cloud_firestore] AndroidManifest.xml:11:17-82
82            <meta-data
82-->[:firebase_dynamic_links] AndroidManifest.xml:11:13-13:85
83                android:name="com.google.firebase.components:io.flutter.plugins.firebase.dynamiclinks.FlutterFirebaseAppRegistrar"
83-->[:firebase_dynamic_links] AndroidManifest.xml:12:17-131
84                android:value="com.google.firebase.components.ComponentRegistrar" />
84-->[:firebase_dynamic_links] AndroidManifest.xml:13:17-82
85            <meta-data
85-->[:firebase_auth] AndroidManifest.xml:9:13-11:85
86                android:name="com.google.firebase.components:io.flutter.plugins.firebase.auth.FlutterFirebaseAuthRegistrar"
86-->[:firebase_auth] AndroidManifest.xml:10:17-124
87                android:value="com.google.firebase.components.ComponentRegistrar" />
87-->[:firebase_auth] AndroidManifest.xml:11:17-82
88            <meta-data
88-->[:firebase_core] AndroidManifest.xml:9:13-11:85
89                android:name="com.google.firebase.components:io.flutter.plugins.firebase.core.FlutterFirebaseCoreRegistrar"
89-->[:firebase_core] AndroidManifest.xml:10:17-124
90                android:value="com.google.firebase.components.ComponentRegistrar" />
90-->[:firebase_core] AndroidManifest.xml:11:17-82
91            <meta-data
91-->[com.google.firebase:firebase-auth:21.0.1] AndroidManifest.xml:77:13-79:85
92                android:name="com.google.firebase.components:com.google.firebase.auth.FirebaseAuthRegistrar"
92-->[com.google.firebase:firebase-auth:21.0.1] AndroidManifest.xml:78:17-109
93                android:value="com.google.firebase.components.ComponentRegistrar" />
93-->[com.google.firebase:firebase-auth:21.0.1] AndroidManifest.xml:79:17-82
94            <meta-data
94-->[com.google.firebase:firebase-firestore:24.0.1] AndroidManifest.xml:20:13-22:85
95                android:name="com.google.firebase.components:com.google.firebase.firestore.FirestoreRegistrar"
95-->[com.google.firebase:firebase-firestore:24.0.1] AndroidManifest.xml:21:17-111
96                android:value="com.google.firebase.components.ComponentRegistrar" />
96-->[com.google.firebase:firebase-firestore:24.0.1] AndroidManifest.xml:22:17-82
97            <meta-data
97-->[com.google.firebase:firebase-dynamic-links:21.0.0] AndroidManifest.xml:27:13-29:85
98                android:name="com.google.firebase.components:com.google.firebase.dynamiclinks.internal.FirebaseDynamicLinkRegistrar"
98-->[com.google.firebase:firebase-dynamic-links:21.0.0] AndroidManifest.xml:28:17-133
99                android:value="com.google.firebase.components.ComponentRegistrar" />
99-->[com.google.firebase:firebase-dynamic-links:21.0.0] AndroidManifest.xml:29:17-82
100            <meta-data
100-->[com.google.firebase:firebase-database:20.0.3] AndroidManifest.xml:32:13-34:85
101                android:name="com.google.firebase.components:com.google.firebase.database.DatabaseRegistrar"
101-->[com.google.firebase:firebase-database:20.0.3] AndroidManifest.xml:33:17-109
102                android:value="com.google.firebase.components.ComponentRegistrar" />
102-->[com.google.firebase:firebase-database:20.0.3] AndroidManifest.xml:34:17-82
103            <meta-data
103-->[com.google.android.gms:play-services-measurement-api:20.0.2] AndroidManifest.xml:30:13-32:85
104                android:name="com.google.firebase.components:com.google.firebase.analytics.connector.internal.AnalyticsConnectorRegistrar"
104-->[com.google.android.gms:play-services-measurement-api:20.0.2] AndroidManifest.xml:31:17-139
105                android:value="com.google.firebase.components.ComponentRegistrar" />
105-->[com.google.android.gms:play-services-measurement-api:20.0.2] AndroidManifest.xml:32:17-82
106            <meta-data
106-->[com.google.firebase:firebase-installations:17.0.0] AndroidManifest.xml:18:13-20:85
107                android:name="com.google.firebase.components:com.google.firebase.installations.FirebaseInstallationsRegistrar"
107-->[com.google.firebase:firebase-installations:17.0.0] AndroidManifest.xml:19:17-127
108                android:value="com.google.firebase.components.ComponentRegistrar" />
108-->[com.google.firebase:firebase-installations:17.0.0] AndroidManifest.xml:20:17-82
109        </service>
110
111        <activity
111-->[:url_launcher_android] AndroidManifest.xml:8:9-11:74
112            android:name="io.flutter.plugins.urllauncher.WebViewActivity"
112-->[:url_launcher_android] AndroidManifest.xml:9:13-74
113            android:exported="false"
113-->[:url_launcher_android] AndroidManifest.xml:10:13-37
114            android:theme="@android:style/Theme.NoTitleBar.Fullscreen" />
114-->[:url_launcher_android] AndroidManifest.xml:11:13-71
115        <activity
115-->[:flutter_inappwebview] AndroidManifest.xml:14:9-17:47
116            android:name="com.pichillilorenzo.flutter_inappwebview.in_app_browser.InAppBrowserActivity"
116-->[:flutter_inappwebview] AndroidManifest.xml:15:13-104
117            android:configChanges="orientation|keyboardHidden|keyboard|screenSize|locale|layoutDirection|fontScale|screenLayout|density"
117-->[:flutter_inappwebview] AndroidManifest.xml:16:13-137
118            android:theme="@style/AppTheme" />
118-->[:flutter_inappwebview] AndroidManifest.xml:17:13-44
119        <activity
119-->[:flutter_inappwebview] AndroidManifest.xml:18:9-20:55
120            android:name="com.pichillilorenzo.flutter_inappwebview.chrome_custom_tabs.ChromeCustomTabsActivity"
120-->[:flutter_inappwebview] AndroidManifest.xml:19:13-112
121            android:theme="@style/ThemeTransparent" />
121-->[:flutter_inappwebview] AndroidManifest.xml:20:13-52
122
123        <receiver android:name="com.pichillilorenzo.flutter_inappwebview.chrome_custom_tabs.ActionBroadcastReceiver" />
123-->[:flutter_inappwebview] AndroidManifest.xml:22:9-120
123-->[:flutter_inappwebview] AndroidManifest.xml:22:19-117
124
125        <meta-data
125-->[:flutter_inappwebview] AndroidManifest.xml:24:9-26:36
126            android:name="io.flutter.embedded_views_preview"
126-->[:flutter_inappwebview] AndroidManifest.xml:25:13-61
127            android:value="true" />
127-->[:flutter_inappwebview] AndroidManifest.xml:26:13-33
128
129        <activity android:name="com.maru.twitter_login.chrome_custom_tabs.ChromeCustomTabsActivity" />
129-->[:twitter_login] AndroidManifest.xml:14:9-103
129-->[:twitter_login] AndroidManifest.xml:14:19-100
130        <activity
130-->[com.facebook.android:facebook-common:12.1.0] AndroidManifest.xml:30:9-33:66
131            android:name="com.facebook.FacebookActivity"
131-->[com.facebook.android:facebook-common:12.1.0] AndroidManifest.xml:31:13-57
132            android:configChanges="keyboard|keyboardHidden|screenLayout|screenSize|orientation"
132-->[com.facebook.android:facebook-common:12.1.0] AndroidManifest.xml:32:13-96
133            android:theme="@style/com_facebook_activity_theme" />
133-->[com.facebook.android:facebook-common:12.1.0] AndroidManifest.xml:33:13-63
134        <activity android:name="com.facebook.CustomTabMainActivity" />
134-->[com.facebook.android:facebook-common:12.1.0] AndroidManifest.xml:34:9-71
134-->[com.facebook.android:facebook-common:12.1.0] AndroidManifest.xml:34:19-68
135        <activity
135-->[com.facebook.android:facebook-common:12.1.0] AndroidManifest.xml:35:9-49:20
136            android:name="com.facebook.CustomTabActivity"
136-->[com.facebook.android:facebook-common:12.1.0] AndroidManifest.xml:36:13-58
137            android:exported="true" >
137-->[com.facebook.android:facebook-common:12.1.0] AndroidManifest.xml:37:13-36
138            <intent-filter>
138-->[com.facebook.android:facebook-common:12.1.0] AndroidManifest.xml:39:13-48:29
139                <action android:name="android.intent.action.VIEW" />
139-->[com.facebook.android:facebook-common:12.1.0] AndroidManifest.xml:40:17-69
139-->[com.facebook.android:facebook-common:12.1.0] AndroidManifest.xml:40:25-66
140
141                <category android:name="android.intent.category.DEFAULT" />
141-->[com.facebook.android:facebook-common:12.1.0] AndroidManifest.xml:42:17-76
141-->[com.facebook.android:facebook-common:12.1.0] AndroidManifest.xml:42:27-73
142                <category android:name="android.intent.category.BROWSABLE" />
142-->[com.facebook.android:facebook-common:12.1.0] AndroidManifest.xml:43:17-78
142-->[com.facebook.android:facebook-common:12.1.0] AndroidManifest.xml:43:27-75
143
144                <data
144-->[com.facebook.android:facebook-common:12.1.0] AndroidManifest.xml:45:17-47:50
145                    android:host="cct.com.example.con"
145-->[com.facebook.android:facebook-common:12.1.0] AndroidManifest.xml:46:21-56
146                    android:scheme="fbconnect" />
146-->[com.facebook.android:facebook-common:12.1.0] AndroidManifest.xml:47:21-47
147            </intent-filter>
148        </activity>
149        <!--
150         The initialization ContentProvider will call FacebookSdk.sdkInitialize automatically
151         with the application context. This config is merged in with the host app's manifest,
152         but there can only be one provider with the same authority activated at any given
153         point; so if the end user has two or more different apps that use Facebook SDK, only the
154         first one will be able to use the provider. To work around this problem, we use the
155         following placeholder in the authority to identify each host application as if it was
156         a completely different provider.
157        -->
158        <provider
158-->[com.facebook.android:facebook-core:12.1.0] AndroidManifest.xml:39:9-42:40
159            android:name="com.facebook.internal.FacebookInitProvider"
159-->[com.facebook.android:facebook-core:12.1.0] AndroidManifest.xml:40:13-70
160            android:authorities="com.example.con.FacebookInitProvider"
160-->[com.facebook.android:facebook-core:12.1.0] AndroidManifest.xml:41:13-72
161            android:exported="false" />
161-->[com.facebook.android:facebook-core:12.1.0] AndroidManifest.xml:42:13-37
162
163        <receiver
163-->[com.facebook.android:facebook-core:12.1.0] AndroidManifest.xml:44:9-50:20
164            android:name="com.facebook.CurrentAccessTokenExpirationBroadcastReceiver"
164-->[com.facebook.android:facebook-core:12.1.0] AndroidManifest.xml:45:13-86
165            android:exported="false" >
165-->[com.facebook.android:facebook-core:12.1.0] AndroidManifest.xml:46:13-37
166            <intent-filter>
166-->[com.facebook.android:facebook-core:12.1.0] AndroidManifest.xml:47:13-49:29
167                <action android:name="com.facebook.sdk.ACTION_CURRENT_ACCESS_TOKEN_CHANGED" />
167-->[com.facebook.android:facebook-core:12.1.0] AndroidManifest.xml:48:17-95
167-->[com.facebook.android:facebook-core:12.1.0] AndroidManifest.xml:48:25-92
168            </intent-filter>
169        </receiver>
170        <receiver
170-->[com.facebook.android:facebook-core:12.1.0] AndroidManifest.xml:51:9-57:20
171            android:name="com.facebook.AuthenticationTokenManager$CurrentAuthenticationTokenChangedBroadcastReceiver"
171-->[com.facebook.android:facebook-core:12.1.0] AndroidManifest.xml:52:13-118
172            android:exported="false" >
172-->[com.facebook.android:facebook-core:12.1.0] AndroidManifest.xml:53:13-37
173            <intent-filter>
173-->[com.facebook.android:facebook-core:12.1.0] AndroidManifest.xml:54:13-56:29
174                <action android:name="com.facebook.sdk.ACTION_CURRENT_AUTHENTICATION_TOKEN_CHANGED" />
174-->[com.facebook.android:facebook-core:12.1.0] AndroidManifest.xml:55:17-103
174-->[com.facebook.android:facebook-core:12.1.0] AndroidManifest.xml:55:25-100
175            </intent-filter>
176        </receiver>
177
178        <activity
178-->[com.google.firebase:firebase-auth:21.0.1] AndroidManifest.xml:27:9-44:20
179            android:name="com.google.firebase.auth.internal.GenericIdpActivity"
179-->[com.google.firebase:firebase-auth:21.0.1] AndroidManifest.xml:28:13-80
180            android:excludeFromRecents="true"
180-->[com.google.firebase:firebase-auth:21.0.1] AndroidManifest.xml:29:13-46
181            android:exported="true"
181-->[com.google.firebase:firebase-auth:21.0.1] AndroidManifest.xml:30:13-36
182            android:launchMode="singleTask"
182-->[com.google.firebase:firebase-auth:21.0.1] AndroidManifest.xml:31:13-44
183            android:theme="@android:style/Theme.Translucent.NoTitleBar" >
183-->[com.google.firebase:firebase-auth:21.0.1] AndroidManifest.xml:32:13-72
184            <intent-filter>
184-->[com.google.firebase:firebase-auth:21.0.1] AndroidManifest.xml:33:13-43:29
185                <action android:name="android.intent.action.VIEW" />
185-->[com.facebook.android:facebook-common:12.1.0] AndroidManifest.xml:40:17-69
185-->[com.facebook.android:facebook-common:12.1.0] AndroidManifest.xml:40:25-66
186
187                <category android:name="android.intent.category.DEFAULT" />
187-->[com.facebook.android:facebook-common:12.1.0] AndroidManifest.xml:42:17-76
187-->[com.facebook.android:facebook-common:12.1.0] AndroidManifest.xml:42:27-73
188                <category android:name="android.intent.category.BROWSABLE" />
188-->[com.facebook.android:facebook-common:12.1.0] AndroidManifest.xml:43:17-78
188-->[com.facebook.android:facebook-common:12.1.0] AndroidManifest.xml:43:27-75
189
190                <data
190-->[com.facebook.android:facebook-common:12.1.0] AndroidManifest.xml:45:17-47:50
191                    android:host="firebase.auth"
191-->[com.facebook.android:facebook-common:12.1.0] AndroidManifest.xml:46:21-56
192                    android:path="/"
193                    android:scheme="genericidp" />
193-->[com.facebook.android:facebook-common:12.1.0] AndroidManifest.xml:47:21-47
194            </intent-filter>
195        </activity>
196        <activity
196-->[com.google.firebase:firebase-auth:21.0.1] AndroidManifest.xml:45:9-62:20
197            android:name="com.google.firebase.auth.internal.RecaptchaActivity"
197-->[com.google.firebase:firebase-auth:21.0.1] AndroidManifest.xml:46:13-79
198            android:excludeFromRecents="true"
198-->[com.google.firebase:firebase-auth:21.0.1] AndroidManifest.xml:47:13-46
199            android:exported="true"
199-->[com.google.firebase:firebase-auth:21.0.1] AndroidManifest.xml:48:13-36
200            android:launchMode="singleTask"
200-->[com.google.firebase:firebase-auth:21.0.1] AndroidManifest.xml:49:13-44
201            android:theme="@android:style/Theme.Translucent.NoTitleBar" >
201-->[com.google.firebase:firebase-auth:21.0.1] AndroidManifest.xml:50:13-72
202            <intent-filter>
202-->[com.google.firebase:firebase-auth:21.0.1] AndroidManifest.xml:51:13-61:29
203                <action android:name="android.intent.action.VIEW" />
203-->[com.facebook.android:facebook-common:12.1.0] AndroidManifest.xml:40:17-69
203-->[com.facebook.android:facebook-common:12.1.0] AndroidManifest.xml:40:25-66
204
205                <category android:name="android.intent.category.DEFAULT" />
205-->[com.facebook.android:facebook-common:12.1.0] AndroidManifest.xml:42:17-76
205-->[com.facebook.android:facebook-common:12.1.0] AndroidManifest.xml:42:27-73
206                <category android:name="android.intent.category.BROWSABLE" />
206-->[com.facebook.android:facebook-common:12.1.0] AndroidManifest.xml:43:17-78
206-->[com.facebook.android:facebook-common:12.1.0] AndroidManifest.xml:43:27-75
207
208                <data
208-->[com.facebook.android:facebook-common:12.1.0] AndroidManifest.xml:45:17-47:50
209                    android:host="firebase.auth"
209-->[com.facebook.android:facebook-common:12.1.0] AndroidManifest.xml:46:21-56
210                    android:path="/"
211                    android:scheme="recaptcha" />
211-->[com.facebook.android:facebook-common:12.1.0] AndroidManifest.xml:47:21-47
212            </intent-filter>
213        </activity>
214
215        <service
215-->[com.google.firebase:firebase-auth:21.0.1] AndroidManifest.xml:64:9-73:19
216            android:name="com.google.firebase.auth.api.fallback.service.FirebaseAuthFallbackService"
216-->[com.google.firebase:firebase-auth:21.0.1] AndroidManifest.xml:65:13-101
217            android:enabled="true"
217-->[com.google.firebase:firebase-auth:21.0.1] AndroidManifest.xml:66:13-35
218            android:exported="false" >
218-->[com.google.firebase:firebase-auth:21.0.1] AndroidManifest.xml:67:13-37
219            <intent-filter>
219-->[com.google.firebase:firebase-auth:21.0.1] AndroidManifest.xml:68:13-72:29
220                <action android:name="com.google.firebase.auth.api.gms.service.START" />
220-->[com.google.firebase:firebase-auth:21.0.1] AndroidManifest.xml:69:17-89
220-->[com.google.firebase:firebase-auth:21.0.1] AndroidManifest.xml:69:25-86
221
222                <category android:name="android.intent.category.DEFAULT" />
222-->[com.facebook.android:facebook-common:12.1.0] AndroidManifest.xml:42:17-76
222-->[com.facebook.android:facebook-common:12.1.0] AndroidManifest.xml:42:27-73
223            </intent-filter>
224        </service>
225
226        <provider
226-->[com.google.firebase:firebase-common:20.0.0] AndroidManifest.xml:26:9-31:39
227            android:name="com.google.firebase.provider.FirebaseInitProvider"
227-->[com.google.firebase:firebase-common:20.0.0] AndroidManifest.xml:27:13-77
228            android:authorities="com.example.con.firebaseinitprovider"
228-->[com.google.firebase:firebase-common:20.0.0] AndroidManifest.xml:28:13-72
229            android:directBootAware="true"
229-->[com.google.firebase:firebase-common:20.0.0] AndroidManifest.xml:29:13-43
230            android:exported="false"
230-->[com.google.firebase:firebase-common:20.0.0] AndroidManifest.xml:30:13-37
231            android:initOrder="100" />
231-->[com.google.firebase:firebase-common:20.0.0] AndroidManifest.xml:31:13-36
232
233        <activity
233-->[com.google.android.gms:play-services-auth:20.0.1] AndroidManifest.xml:23:9-27:75
234            android:name="com.google.android.gms.auth.api.signin.internal.SignInHubActivity"
234-->[com.google.android.gms:play-services-auth:20.0.1] AndroidManifest.xml:24:13-93
235            android:excludeFromRecents="true"
235-->[com.google.android.gms:play-services-auth:20.0.1] AndroidManifest.xml:25:13-46
236            android:exported="false"
236-->[com.google.android.gms:play-services-auth:20.0.1] AndroidManifest.xml:26:13-37
237            android:theme="@android:style/Theme.Translucent.NoTitleBar" />
237-->[com.google.android.gms:play-services-auth:20.0.1] AndroidManifest.xml:27:13-72
238        <!--
239            Service handling Google Sign-In user revocation. For apps that do not integrate with
240            Google Sign-In, this service will never be started.
241        -->
242        <service
242-->[com.google.android.gms:play-services-auth:20.0.1] AndroidManifest.xml:33:9-37:51
243            android:name="com.google.android.gms.auth.api.signin.RevocationBoundService"
243-->[com.google.android.gms:play-services-auth:20.0.1] AndroidManifest.xml:34:13-89
244            android:exported="true"
244-->[com.google.android.gms:play-services-auth:20.0.1] AndroidManifest.xml:35:13-36
245            android:permission="com.google.android.gms.auth.api.signin.permission.REVOCATION_NOTIFICATION"
245-->[com.google.android.gms:play-services-auth:20.0.1] AndroidManifest.xml:36:13-107
246            android:visibleToInstantApps="true" />
246-->[com.google.android.gms:play-services-auth:20.0.1] AndroidManifest.xml:37:13-48
247
248        <activity
248-->[com.google.android.gms:play-services-base:18.0.1] AndroidManifest.xml:20:9-22:45
249            android:name="com.google.android.gms.common.api.GoogleApiActivity"
249-->[com.google.android.gms:play-services-base:18.0.1] AndroidManifest.xml:20:19-85
250            android:exported="false"
250-->[com.google.android.gms:play-services-base:18.0.1] AndroidManifest.xml:22:19-43
251            android:theme="@android:style/Theme.Translucent.NoTitleBar" />
251-->[com.google.android.gms:play-services-base:18.0.1] AndroidManifest.xml:21:19-78
252
253        <receiver
253-->[com.google.android.gms:play-services-measurement:20.0.2] AndroidManifest.xml:29:9-33:20
254            android:name="com.google.android.gms.measurement.AppMeasurementReceiver"
254-->[com.google.android.gms:play-services-measurement:20.0.2] AndroidManifest.xml:30:13-85
255            android:enabled="true"
255-->[com.google.android.gms:play-services-measurement:20.0.2] AndroidManifest.xml:31:13-35
256            android:exported="false" >
256-->[com.google.android.gms:play-services-measurement:20.0.2] AndroidManifest.xml:32:13-37
257        </receiver>
258
259        <service
259-->[com.google.android.gms:play-services-measurement:20.0.2] AndroidManifest.xml:35:9-38:40
260            android:name="com.google.android.gms.measurement.AppMeasurementService"
260-->[com.google.android.gms:play-services-measurement:20.0.2] AndroidManifest.xml:36:13-84
261            android:enabled="true"
261-->[com.google.android.gms:play-services-measurement:20.0.2] AndroidManifest.xml:37:13-35
262            android:exported="false" />
262-->[com.google.android.gms:play-services-measurement:20.0.2] AndroidManifest.xml:38:13-37
263        <service
263-->[com.google.android.gms:play-services-measurement:20.0.2] AndroidManifest.xml:39:9-43:72
264            android:name="com.google.android.gms.measurement.AppMeasurementJobService"
264-->[com.google.android.gms:play-services-measurement:20.0.2] AndroidManifest.xml:40:13-87
265            android:enabled="true"
265-->[com.google.android.gms:play-services-measurement:20.0.2] AndroidManifest.xml:41:13-35
266            android:exported="false"
266-->[com.google.android.gms:play-services-measurement:20.0.2] AndroidManifest.xml:42:13-37
267            android:permission="android.permission.BIND_JOB_SERVICE" />
267-->[com.google.android.gms:play-services-measurement:20.0.2] AndroidManifest.xml:43:13-69
268
269        <meta-data
269-->[com.google.android.gms:play-services-basement:18.0.0] AndroidManifest.xml:21:9-23:69
270            android:name="com.google.android.gms.version"
270-->[com.google.android.gms:play-services-basement:18.0.0] AndroidManifest.xml:22:13-58
271            android:value="@integer/google_play_services_version" />
271-->[com.google.android.gms:play-services-basement:18.0.0] AndroidManifest.xml:23:13-66
272    </application>
273
274</manifest>